[debug] [2025-07-10T19:44:40.227Z] ----------------------------------------------------------------------
[debug] [2025-07-10T19:44:40.231Z] Command:       C:\Program Files\nodejs\node.exe C:\Users\chand\AppData\Roaming\npm\node_modules\firebase-tools\lib\bin\firebase.js init hosting
[debug] [2025-07-10T19:44:40.232Z] CLI Version:   14.10.0
[debug] [2025-07-10T19:44:40.232Z] Platform:      win32
[debug] [2025-07-10T19:44:40.232Z] Node Version:  v22.17.0
[debug] [2025-07-10T19:44:40.232Z] Time:          Thu Jul 10 2025 15:44:40 GMT-0400 (Eastern Daylight Time)
[debug] [2025-07-10T19:44:40.233Z] ----------------------------------------------------------------------
[debug] 
[debug] [2025-07-10T19:44:40.238Z] > command requires scopes: ["email","openid","https://www.googleapis.com/auth/cloudplatformprojects.readonly","https://www.googleapis.com/auth/firebase","https://www.googleapis.com/auth/cloud-platform"]
[debug] [2025-07-10T19:44:40.239Z] > authorizing via signed-in user (cd.gcinci@gmail.com)
[info] 
     ######## #### ########  ######## ########     ###     ######  ########
     ##        ##  ##     ## ##       ##     ##  ##   ##  ##       ##
     ######    ##  ########  ######   ########  #########  ######  ######
     ##        ##  ##    ##  ##       ##     ## ##     ##       ## ##
     ##       #### ##     ## ######## ########  ##     ##  ######  ########

You're about to initialize a Firebase project in this directory:

  C:\Users\chand\OneDrive\Documents\AI_ML_Projects\Virus-analyser

[info] 
=== Project Setup
[info] 
[info] First, let's associate this project directory with a Firebase project.
[info] You can create multiple project aliases by running firebase use --add, 
[info] but for now we'll just set up a default project.
[info] 
[debug] [2025-07-10T19:44:43.866Z] Checked if tokens are valid: true, expires at: 1752180257431
[debug] [2025-07-10T19:44:43.866Z] Checked if tokens are valid: true, expires at: 1752180257431
[debug] [2025-07-10T19:44:43.869Z] >>> [apiv2][query] GET https://firebase.googleapis.com/v1beta1/projects pageSize=100
[debug] [2025-07-10T19:44:44.273Z] <<< [apiv2][status] GET https://firebase.googleapis.com/v1beta1/projects 200
[debug] [2025-07-10T19:44:44.273Z] <<< [apiv2][body] GET https://firebase.googleapis.com/v1beta1/projects [omitted]
[info] i  Using project virus-analyzer-frontend (virus-analyzer-frontend) 
[info] 
=== Hosting Setup
[debug] [2025-07-10T19:44:45.539Z] Checked if tokens are valid: true, expires at: 1752180257431
[debug] [2025-07-10T19:44:45.539Z] Checked if tokens are valid: true, expires at: 1752180257431
[debug] [2025-07-10T19:44:45.539Z] >>> [apiv2][query] GET https://firebase.googleapis.com/v1beta1/projects/virus-analyzer-frontend [none]
[debug] [2025-07-10T19:44:45.800Z] <<< [apiv2][status] GET https://firebase.googleapis.com/v1beta1/projects/virus-analyzer-frontend 200
[debug] [2025-07-10T19:44:45.800Z] <<< [apiv2][body] GET https://firebase.googleapis.com/v1beta1/projects/virus-analyzer-frontend {"projectId":"virus-analyzer-frontend","projectNumber":"818220985502","displayName":"virus-analyzer-frontend","name":"projects/virus-analyzer-frontend","resources":{"hostingSite":"virus-analyzer-frontend"},"state":"ACTIVE","etag":"1_72eed61f-3165-4a40-b9c6-302566686089"}
[info] 
[info] Your public directory is the folder (relative to your project directory) that
[info] will contain Hosting assets to be uploaded with firebase deploy. If you
[info] have a build process for your assets, use your build's output directory.
[info] 
[debug] [2025-07-10T19:45:06.990Z] >>> [apiv2][query] GET https://www.gstatic.com/firebasejs/releases.json [none]
[debug] [2025-07-10T19:45:07.086Z] <<< [apiv2][status] GET https://www.gstatic.com/firebasejs/releases.json 200
[debug] [2025-07-10T19:45:07.087Z] <<< [apiv2][body] GET https://www.gstatic.com/firebasejs/releases.json {"current":{"version":"11.10.0","browserURL":"https://www.gstatic.com/firebasejs/11.10.0/firebase.js","packageURL":"https://www.gstatic.com/firebasejs/11.10.0/firebase.tgz"},"live":{"version":"11.10","browserURL":"https://www.gstatic.com/firebasejs/live/11.10/firebase.js","packageURL":"https://www.gstatic.com/firebasejs/live/11.10/firebase.tgz"},"components":{"ai":"https://www.gstatic.com/firebasejs/11.10.0/firebase-ai.js","analytics":"https://www.gstatic.com/firebasejs/11.10.0/firebase-analytics.js","app":"https://www.gstatic.com/firebasejs/11.10.0/firebase-app.js","app-check":"https://www.gstatic.com/firebasejs/11.10.0/firebase-app-check.js","auth":"https://www.gstatic.com/firebasejs/11.10.0/firebase-auth.js","auth/cordova":"https://www.gstatic.com/firebasejs/11.10.0/firebase-auth/cordova.js","auth/web-extension":"https://www.gstatic.com/firebasejs/11.10.0/firebase-auth/web-extension.js","functions":"https://www.gstatic.com/firebasejs/11.10.0/firebase-functions.js","firestore":"https://www.gstatic.com/firebasejs/11.10.0/firebase-firestore.js","firestore/lite":"https://www.gstatic.com/firebasejs/11.10.0/firebase-firestore/lite.js","installations":"https://www.gstatic.com/firebasejs/11.10.0/firebase-installations.js","storage":"https://www.gstatic.com/firebasejs/11.10.0/firebase-storage.js","performance":"https://www.gstatic.com/firebasejs/11.10.0/firebase-performance.js","remote-config":"https://www.gstatic.com/firebasejs/11.10.0/firebase-remote-config.js","messaging":"https://www.gstatic.com/firebasejs/11.10.0/firebase-messaging.js","messaging/sw":"https://www.gstatic.com/firebasejs/11.10.0/firebase-messaging/sw.js","database":"https://www.gstatic.com/firebasejs/11.10.0/firebase-database.js","vertexai":"https://www.gstatic.com/firebasejs/11.10.0/firebase-vertexai.js","data-connect":"https://www.gstatic.com/firebasejs/11.10.0/firebase-data-connect.js","firestore.memory":"https://www.gstatic.com/firebasejs/11.10.0/firebase-firestore.memory.js"}}
[info] +  Wrote public/index.html 
[info] 
[info] i  Detected a .git folder at C:\Users\chand\OneDrive\Documents\AI_ML_Projects 
[info] i  Authorizing with GitHub to upload your service account to a GitHub repository's secrets store. 
[info] 
[info] Visit this URL on this device to log in:
[info] https://github.com/login/oauth/authorize?client_id=89cf50f02ac6aaed3484&state=749904706&redirect_uri=http%3A%2F%2Flocalhost%3A9005&scope=read%3Auser%20repo%20public_repo
[info] 
[info] Waiting for authentication...
[debug] [2025-07-10T19:45:28.046Z] >>> [apiv2][query] POST https://github.com/login/oauth/access_token [none]
[debug] [2025-07-10T19:45:28.046Z] >>> [apiv2][body] POST https://github.com/login/oauth/access_token [stream]
[debug] [2025-07-10T19:45:28.271Z] <<< [apiv2][status] POST https://github.com/login/oauth/access_token 200
[debug] [2025-07-10T19:45:28.271Z] <<< [apiv2][body] POST https://github.com/login/oauth/access_token {"access_token":"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","token_type":"bearer","scope":"read:user,repo"}
[debug] [2025-07-10T19:45:28.280Z] >>> [apiv2][query] GET https://api.github.com/user [none]
[debug] [2025-07-10T19:45:28.489Z] <<< [apiv2][status] GET https://api.github.com/user 200
[debug] [2025-07-10T19:45:28.489Z] <<< [apiv2][body] GET https://api.github.com/user {"login":"chandana072","id":214194888,"node_id":"U_kgDODMRayA","avatar_url":"https://avatars.githubusercontent.com/u/214194888?v=4","gravatar_id":"","url":"https://api.github.com/users/chandana072","html_url":"https://github.com/chandana072","followers_url":"https://api.github.com/users/chandana072/followers","following_url":"https://api.github.com/users/chandana072/following{/other_user}","gists_url":"https://api.github.com/users/chandana072/gists{/gist_id}","starred_url":"https://api.github.com/users/chandana072/starred{/owner}{/repo}","subscriptions_url":"https://api.github.com/users/chandana072/subscriptions","organizations_url":"https://api.github.com/users/chandana072/orgs","repos_url":"https://api.github.com/users/chandana072/repos","events_url":"https://api.github.com/users/chandana072/events{/privacy}","received_events_url":"https://api.github.com/users/chandana072/received_events","type":"User","user_view_type":"private","site_admin":false,"name":null,"company":null,"blog":"","location":null,"email":null,"hireable":null,"bio":null,"twitter_username":null,"notification_email":null,"public_repos":3,"public_gists":0,"followers":1,"following":1,"created_at":"2025-05-31T00:10:49Z","updated_at":"2025-07-10T16:17:37Z","private_gists":0,"total_private_repos":1,"owned_private_repos":1,"disk_usage":24160,"collaborators":0,"two_factor_authentication":false,"plan":{"name":"free","space":976562499,"collaborators":0,"private_repos":10000}}
[info] 
[info] +  Success! Logged into GitHub as chandana072 
[info] 
[debug] [2025-07-10T19:45:35.513Z] >>> [apiv2][query] GET https://api.github.com/repos//actions/secrets/public-key type=owner
[debug] [2025-07-10T19:45:35.691Z] <<< [apiv2][status] GET https://api.github.com/repos//actions/secrets/public-key 404
[debug] [2025-07-10T19:45:35.691Z] <<< [apiv2][body] GET https://api.github.com/repos//actions/secrets/public-key {"message":"Not Found","documentation_url":"https://docs.github.com/rest","status":"404"}
[info] 
[info] 
[error] !  The provided authorization cannot be used with this repository. If this repository is in an organization, did you remember to grant access? 
[info] 
[info] i  Action required: Visit this URL to ensure access has been granted to the appropriate organization(s) for the Firebase CLI GitHub OAuth App: 
[info] https://github.com/settings/connections/applications/89cf50f02ac6aaed3484
[info] 
[debug] [2025-07-10T19:46:08.073Z] >>> [apiv2][query] GET https://api.github.com/repos/AI_ML_Projects/actions/secrets/public-key type=owner
[debug] [2025-07-10T19:46:08.236Z] <<< [apiv2][status] GET https://api.github.com/repos/AI_ML_Projects/actions/secrets/public-key 404
[debug] [2025-07-10T19:46:08.237Z] <<< [apiv2][body] GET https://api.github.com/repos/AI_ML_Projects/actions/secrets/public-key {"message":"Not Found","documentation_url":"https://docs.github.com/rest","status":"404"}
[info] 
[info] 
[error] !  The provided authorization cannot be used with this repository. If this repository is in an organization, did you remember to grant access? 
[info] 
[info] i  Action required: Visit this URL to ensure access has been granted to the appropriate organization(s) for the Firebase CLI GitHub OAuth App: 
[info] https://github.com/settings/connections/applications/89cf50f02ac6aaed3484
[info] 
[debug] [2025-07-10T19:46:13.355Z] >>> [apiv2][query] GET https://api.github.com/repos/AI_ML_Projects/actions/secrets/public-key type=owner
[debug] [2025-07-10T19:46:13.523Z] <<< [apiv2][status] GET https://api.github.com/repos/AI_ML_Projects/actions/secrets/public-key 404
[debug] [2025-07-10T19:46:13.524Z] <<< [apiv2][body] GET https://api.github.com/repos/AI_ML_Projects/actions/secrets/public-key {"message":"Not Found","documentation_url":"https://docs.github.com/rest","status":"404"}
[info] 
[info] 
[error] !  The provided authorization cannot be used with this repository. If this repository is in an organization, did you remember to grant access? 
[info] 
[info] i  Action required: Visit this URL to ensure access has been granted to the appropriate organization(s) for the Firebase CLI GitHub OAuth App: 
[info] https://github.com/settings/connections/applications/89cf50f02ac6aaed3484
[info] 
[debug] [2025-07-10T19:50:42.337Z] ExitPromptError: User force closed the prompt with SIGINT
    at Interface.sigint (C:\Users\chand\AppData\Roaming\npm\node_modules\firebase-tools\node_modules\@inquirer\core\dist\commonjs\lib\create-prompt.js:101:37)
    at Interface.emit (node:events:518:28)
    at Interface.emit (node:domain:489:12)
    at [_ttyWrite] [as _ttyWrite] (node:internal/readline/interface:1132:18)
    at ReadStream.onkeypress (node:internal/readline/interface:271:20)
    at ReadStream.emit (node:events:530:35)
    at ReadStream.emit (node:domain:489:12)
    at emitKeys (node:internal/readline/utils:370:14)
    at emitKeys.next (<anonymous>)
    at ReadStream.onData (node:internal/readline/emitKeypressEvents:64:36)
[error] 
[error] Error: An unexpected error has occurred.
